MINION ATLAS Mission Log - Doc Pipeline Core Tick
Time: 2026-02-06T15:57:32 UTC
Mission: advance SolarFlow doc pipeline

EXECUTION SUMMARY:
✅ git pull --rebase (already up to date)
✅ doc-pipeline tick executed via scripts/doc_pipeline_tick.js
❌ Blocked by cer.gov.au rate limits until 16:56 UTC (59 minutes remaining)
✅ progress.json updated with current tick status
✅ npm run lint passed
✅ npm run build passed 
✅ committed progress.json with tick update
✅ pushed to main branch successfully

TICK RESULTS:
- Processed 97 blocked URLs (consistent with previous ticks)
- All URLs still blocked by host backoff rate limits
- Generated artifacts: tick_2026-02-06T15-57-25-239Z.log/json
- System stable, awaiting rate limit reset

STATUS: BLOCKED but OPERATIONAL
Rate limit expires: 16:56 UTC (approximately 59 minutes)
Next successful tick expected: after 17:00 UTC

ARTIFACTS GENERATED:
- artifacts/doc-pipeline/tick_2026-02-06T15-57-25-239Z.log
- artifacts/doc-pipeline/tick_2026-02-06T15-57-25-239Z.json
- Commit dc166c4: "doc-pipeline: tick"