MINION=ATLAS Doc Pipeline Tick Summary
Date: 2026-02-06 07:55:30 UTC
Mission: Advance SolarFlow doc pipeline

RESULTS:
- ✅ Git pull: Already up to date
- ❌ Pipeline tick: BLOCKED by cer.gov.au rate limits (until 08:45 UTC)
- ✅ Lint check: PASSED (no issues)  
- ✅ Build check: PASSED (proxy disabled, no API key needed)
- ✅ Progress updated: Last ATLAS run timestamp updated to 07:55:59Z
- ✅ Git commit: "doc-pipeline: tick" (commit b9ff521)
- ✅ Git push: Pushed to main successfully

PIPELINE STATUS:
- Tick attempted but blocked by host rate limiting on cer.gov.au
- Rate limit expires at 2026-02-06T08:45:25.162Z (429 status)
- 86 items currently blocked
- No processing possible until rate limits lift

NEXT ACTIONS:
- Wait for rate limit expiry at 08:45 UTC before next tick attempt
- Continue regular ticking schedule after rate limits clear
- Monitor CER host response codes for stability

Pipeline remains healthy but externally throttled.