MINION=ATLAS doc-pipeline tick SUCCESSFUL at 16:57:06 UTC

MISSION: advance SolarFlow doc pipeline - COMPLETED ✅

STATUS: SUCCESS - Rate limits cleared, pipeline operational

ACTIONS COMPLETED:
✅ git pull --rebase: Repository up to date
✅ npm run lint: PASSED (eslint clean)  
✅ npm run build: PASSED (vite build successful)
✅ Doc pipeline tick: SUCCESS after rate limit expiry
✅ Updated progress.json with successful run status
✅ Committed changes: 'doc-pipeline: tick'
✅ Pushed to main: c9c142b

PIPELINE RESULTS:
- Rate limit window expired at 16:56:40 UTC
- Pipeline executed at 16:57:06 UTC
- Processed 3 remaining blocked URLs (significant improvement from 97)
- Total execution time: 446ms
- lastTickOk: true, lastTickBlocked: false

SYSTEM STATUS: 
- CI State: GREEN
- All checks passing (lint/typecheck/build)
- Repository synchronized with origin/main
- Doc pipeline operational and healthy
- Ready for next scheduled tick

ARTIFACTS:
- Log: artifacts/doc-pipeline/tick_2026-02-06T16-57-06-440Z.log
- JSON: artifacts/doc-pipeline/tick_2026-02-06T16-57-06-440Z.json
- Progress: Updated progress.json with success metrics

MISSION COMPLETE: Doc pipeline advanced successfully, rate limits resolved, system operational.