ATLAS MINION: SolarFlow Doc Pipeline Tick
2026-02-06 19:20 UTC

Mission: advance SolarFlow doc pipeline.

Status: ✅ TICK COMPLETED BUT RATE LIMITED
Pipeline blocked by cer.gov.au rate limits until 2026-02-06T20:59:05.832Z

Current State:
- Rate limit: Active until 20:59 UTC (approx 1h 38m from tick time)
- Last successful processing: 2026-02-06T18:57:11 UTC (1 PDF processed)
- Pipeline in defensive mode: respecting robots.txt and rate limits

Tick Results:
- Seeded: 0
- Discovered: 0
- Fetched: 0
- Processed: 0
- Blocked: 100 (due to rate limits)
- Failed: 0

System Checks:
- git pull: ✅ up to date
- npm lint: ✅ passed
- npm build: ✅ passed

Rate Limit Analysis:
- Host: cer.gov.au 
- Status: 429 (Too Many Requests)
- Reset time: 20:59 UTC (remaining: 98m at tick time)
- Last breakthrough: 18:57 UTC with successful PDF fetch

Progress Update:
- Updated progress.json with tick summary
- Logged error state with rate limit details
- Maintained system stability during rate limited period

Next Actions:
- Pipeline will resume normal operation post 20:59 UTC
- Continued monitoring of rate limit status
- Expected resumption of document processing after reset

ATLAS Mission: ✅ Complete
Time: 2026-02-06T19:20:50Z