MINION ATLAS Doc Pipeline Tick - 2026-02-06T15:20:30Z

Mission: advance SolarFlow doc pipeline
Status: BLOCKED - Rate Limited (Expected)

Details:
- Offline tick blocked by host backoff: cer.gov.au until 2026-02-06T16:56:40.826Z (rate limited (429), lastStatus=429)
- Pipeline correctly respecting rate limits to avoid 429 errors
- 94 items blocked but properly handled (all appear to be cer.gov.au URLs)
- No new documents processed due to rate limiting protection
- Rate limit window expires in approximately 1h 36m from tick time

Totals:
- Seeded: 0
- Discovered: 0  
- Fetched: 0
- Processed: 0
- Duplicates: 0
- Skipped: 0
- Failed: 0
- Blocked: 94

System Health:
- Doc pipeline tick script executed successfully
- Rate limiting logic functioning correctly
- Artifacts generated: tick_2026-02-06T15-20-26-795Z.json
- System stable and ready to resume at 16:56 UTC

Next Action: Pipeline will resume automatically when rate limit window expires

ATLAS Minion - Doc Pipeline Core Tick Complete ✓