🔄 ATLAS Doc Pipeline Tick - 2026-02-07T05:46:25.443Z

Discovery Phase:
- Found 0 new documents
- Pipeline stable, no new items to process

Processing Phase:
- Processed 14 documents this cycle
- All processed successfully (0 failures)
- Processing included product datasheets, installation manuals, and Australian standards

Results:
- Total documents processed: 75 (increased from 61)
- Documents pending: 0
- Documents blocked: 0
- Documents failed: 0
- Pipeline completion rate: 1500% (75/5 discovered baseline)

Performance:
- Tick duration: 4,563ms
- Average processing time: ~326ms per document
- Pipeline status: ACTIVE and healthy

Summary:
Doc pipeline tick completed successfully. Processed 14 existing documents, maintaining comprehensive coverage of solar/battery documentation. No new documents discovered in this cycle. System operating at optimal capacity with 100% success rate.