[2026-02-06T01:16:15.000Z] ATLAS TICK SUMMARY
[2026-02-06T01:16:15.000Z] STATUS: BLOCKED (CER rate limited)
[2026-02-06T01:16:15.000Z] ========================================

Git operations:
- git pull --rebase: committed current progress first
- git commit: "doc-pipeline: tick" (progress.json updated)  
- git push: successful to main branch

Pipeline Status:
- Total pending items: 633 (all cer.gov.au)
- CER backoff until: 2026-02-06T02:17:56.996Z (rate limited 429)
- Non-CER candidates: 0 (seeds.json URLs not yet seeded into queue)
- Last successful tick: processed items from other hosts

CI Status:
- npm run lint: PASS ✓
- npm run build: PASS ✓ (proxy warning expected in dev)
- Code quality: clean, no issues detected

Recommendations:
1. Wait for CER backoff to expire (~62 minutes from this tick)
2. Consider seeding non-CER URLs from seeds.json during next tick
3. Pipeline will auto-resume when backoff expires

[2026-02-06T01:16:15.000Z] ATLAS TICK COMPLETE - BLOCKED STATE DOCUMENTED