MINION=ATLAS Doc Pipeline Core Tick - 2026-02-06T14:33:40.369Z

Mission: advance SolarFlow doc pipeline

Status: BLOCKED (Rate Limited)
- cer.gov.au rate limits active until 2026-02-06T14:56:01.057Z (22 minutes remaining)
- Pipeline tick attempted but blocked by host backoff
- 94 URLs currently blocked by rate limiting

Actions Completed:
✓ git pull --rebase (already up to date)
✓ doc-pipeline tick attempted (blocked as expected)
✓ npm run lint (PASS - clean)
✓ npm run build (PASS - clean)
✓ progress.json updated with current status
✓ committed changes as 'doc-pipeline: tick'
✓ pushed to main branch successfully

Pipeline Stats:
- seeded: 0
- discovered: 0  
- fetched: 0
- processed: 0
- duplicates: 0
- skipped: 0
- failed: 0
- blocked: 94

System Health: GREEN
- CI state: GREEN
- Lint: PASS
- Build: PASS
- Git operations: SUCCESS

Next Action:
- Wait for rate limit reset at 14:56 UTC (~22 minutes)
- Next productive tick should resume URL processing

Artifacts Generated:
- tick_2026-02-06T14-33-35-886Z.log
- tick_2026-02-06T14-33-35-886Z.json
- Updated progress.json with ATLAS run timestamp