MINION ATLAS Doc Pipeline Tick - 2026-02-06T07:44:00Z
======================================================

Mission: Advance SolarFlow doc pipeline core tick

Status: BLOCKED (Rate Limited)
- cer.gov.au rate limits still active until 08:45 UTC
- Current time: 07:44 UTC (61 minutes remaining)
- 86 items blocked, unable to process

Actions completed:
✅ git pull --rebase (up to date)
✅ doc pipeline tick executed (respecting rate limits)
✅ progress.json updated with current status  
✅ npm run lint (PASS)
✅ npm run build (PASS - base44 proxy disabled)
✅ committed progress update
✅ pushed to main branch

Next steps:
- Rate limits should lift at 08:45 UTC
- Pipeline has 86 blocked items ready for processing
- Queue shows 619 pending items total

Log artifacts generated:
- tick_2026-02-06T07-44-20-949Z.log
- tick_2026-02-06T07-44-20-949Z.json