MINION=ATLAS Doc Pipeline Tick - 2026-02-06T19:46:40Z

MISSION: Advance SolarFlow doc pipeline

EXECUTION:
✓ Git pull --rebase: Already up to date
✓ Doc pipeline tick: Executed scripts/doc_pipeline_tick.js
✓ Pipeline status: Still blocked by cer.gov.au rate limits (until 20:59 UTC)
✓ Blocked URLs processed: 102
✓ npm run lint: PASSED
✓ npm run build: PASSED  
✓ Progress update: Updated last_atlas_run to 19:46:23.857Z
✓ Git commit: "doc-pipeline: tick" (ea331d1)
✓ Git push: Successfully pushed to main

RATE LIMIT STATUS:
- Host: cer.gov.au
- Blocked until: 2026-02-06T20:59:05.832Z
- Time remaining: ~73 minutes
- Last successful fetch: 18:57:11 UTC (1 PDF document processed)

ARTIFACTS GENERATED:
- tick_2026-02-06T19-46-17-353Z.log
- tick_2026-02-06T19-46-17-353Z.json
- Updated progress.json with latest status

SYSTEM STATUS: GREEN
- CI state: GREEN
- All checks passing: lint ✓, build ✓
- Repository synchronized
- Awaiting rate limit reset for next active processing cycle

Next expected breakthrough: 20:59 UTC