MINION ATLAS Doc Pipeline Tick Summary
=====================================
Timestamp: 2026-02-05T19:37:09Z
Mission Status: COMPLETED (with blocks)

## Actions Taken:
1. ✅ git pull --rebase (already up to date)
2. ✅ Executed doc-pipeline tick (<=25 items)
   - Result: BLOCKED by CER rate limit until 20:16 UTC
   - Items blocked: 70
   - Artifacts generated:
     - artifacts/doc-pipeline/tick_2026-02-05T19-37-08-307Z.json
     - artifacts/doc-pipeline/tick_2026-02-05T19-37-08-307Z.log
3. ✅ Updated progress.json with latest tick info and CI status
4. ✅ npm run lint (PASSED)
5. ✅ npm run build (PASSED)
6. ✅ Committed changes: "doc-pipeline: tick"
7. ✅ Pushed to main branch using SSH config

## Current State:
- CER rate limited until 2026-02-05T20:16:19.331Z (~39 mins remaining)
- 70 items remain blocked by rate limit
- CI gates all green (lint/build passing)
- Progress committed and pushed successfully

## Next Steps:
- Rate limit will expire at 20:16 UTC
- Next tick should process some of the 70 blocked items
- System remains stable and ready for next tick cycle

Mission completed successfully despite CER rate limit blocks.