MINION=ATLAS Doc Pipeline Tick Summary
=====================================
Time: 2026-02-05T14:09-14:11 (UTC)
Mission: Advance SolarFlow doc pipeline

✅ COMPLETED SUCCESSFULLY

Operations performed:
1. git pull --rebase (already up to date)
2. node scripts/doc_pipeline_tick.js (offline mode, limit=25)
   - Duration: 26.7 seconds (14:10:15 - 14:10:42)
   - Results: 3 items skipped (CER CSV files already processed)
   - Status: OK (no errors, no blocked items)
   - Pipeline state: 654 pending, 63 retryable blocked
3. npm run lint (passed)
4. npm run build (passed, base44 mode)
5. git add progress.json + artifacts/doc-pipeline/state.json
6. git commit "doc-pipeline: tick" (commit 13b1a08)
7. git push to origin/main (successful)

Artifacts:
- Log: artifacts/doc-pipeline/tick_2026-02-05T14-10-15-388Z.log
- JSON: artifacts/doc-pipeline/tick_2026-02-05T14-10-15-388Z.json
- Progress: progress.json (updated with latest tick status)

Status: Doc pipeline automation running smoothly. Pipeline successfully processed available items within rate limits and committed progress to main branch.