MINION ATLAS Doc Pipeline Tick Summary
=====================================
Time: 2026-02-06T14:45:08.478Z → 2026-02-06T14:45:08.668Z (190ms)
Status: BLOCKED (host backoff)
Mode: offline (no Base44 credentials)

HOST BACKOFF STATUS:
- cer.gov.au: blocked until 2026-02-06T14:56:01.057Z (rate limited 429)
- ~11 minutes remaining on backoff at tick time

TICK RESULTS:
- Seeded: 0 URLs
- Discovered: 0 URLs  
- Fetched: 0 PDFs
- Processed: 0 documents
- Blocked: 94 URLs (all due to cer.gov.au backoff)
- Failed: 0
- Skipped: 0

SYSTEM STATUS:
✓ git pull --rebase: already up to date
✓ lint: passed clean
✓ build: passed clean
✓ commit & push: successful (41e8c6a)

NOTES:
- Pipeline properly respecting rate limits with host-level backoff
- System stable and ready to resume once backoff expires
- All 94 blocked URLs are awaiting cer.gov.au rate limit reset
- Offline mode functioning correctly (robots.txt aware)

Next Actions:
- Resume normal tick operations after 14:56 UTC
- Rate limit backoff prevents API abuse and maintains compliance